Flow report for trdb_d5m
Thu Mar 25 16:24:36 2021
Quartus Prime Version 18.1.0 Build 625 09/12/2018 SJ Lite Edition


---------------------
; Table of Contents ;
---------------------
  1. Legal Notice
  2. Flow Summary
  3. Flow Settings
  4. Flow Non-Default Global Settings
  5. Flow Elapsed Time
  6. Flow OS Summary
  7. Flow Log
  8. Flow Messages
  9. Flow Suppressed Messages



----------------
; Legal Notice ;
----------------
Copyright (C) 2018  Intel Corporation. All rights reserved.
Your use of Intel Corporation's design tools, logic functions 
and other software and tools, and its AMPP partner logic 
functions, and any output files from any of the foregoing 
(including device programming or simulation files), and any 
associated documentation or information are expressly subject 
to the terms and conditions of the Intel Program License 
Subscription Agreement, the Intel Quartus Prime License Agreement,
the Intel FPGA IP License Agreement, or other applicable license
agreement, including, without limitation, that your use is for
the sole purpose of programming logic devices manufactured by
Intel and sold by Intel or its authorized distributors.  Please
refer to the applicable agreement for further details.



+-------------------------------------------------------------------------------+
; Flow Summary                                                                  ;
+---------------------------------+---------------------------------------------+
; Flow Status                     ; Successful - Thu Mar 25 16:24:16 2021       ;
; Quartus Prime Version           ; 18.1.0 Build 625 09/12/2018 SJ Lite Edition ;
; Revision Name                   ; trdb_d5m                                    ;
; Top-level Entity Name           ; DE1_SoC_TRDB_D5M_top_level                  ;
; Family                          ; Cyclone V                                   ;
; Device                          ; 5CSEMA5F31C6                                ;
; Timing Models                   ; Final                                       ;
; Logic utilization (in ALMs)     ; 1,786 / 32,070 ( 6 % )                      ;
; Total registers                 ; 2875                                        ;
; Total pins                      ; 61 / 457 ( 13 % )                           ;
; Total virtual pins              ; 0                                           ;
; Total block memory bits         ; 45,696 / 4,065,280 ( 1 % )                  ;
; Total DSP Blocks                ; 0 / 87 ( 0 % )                              ;
; Total HSSI RX PCSs              ; 0                                           ;
; Total HSSI PMA RX Deserializers ; 0                                           ;
; Total HSSI TX PCSs              ; 0                                           ;
; Total HSSI PMA TX Serializers   ; 0                                           ;
; Total PLLs                      ; 1 / 6 ( 17 % )                              ;
; Total DLLs                      ; 0 / 4 ( 0 % )                               ;
+---------------------------------+---------------------------------------------+


+-----------------------------------------+
; Flow Settings                           ;
+-------------------+---------------------+
; Option            ; Setting             ;
+-------------------+---------------------+
; Start date & time ; 03/25/2021 16:20:49 ;
; Main task         ; Compilation         ;
; Revision Name     ; trdb_d5m            ;
+-------------------+---------------------+


+------------------------------------------------------------------------------------------------------------------------------------------------------------+
; Flow Non-Default Global Settings                                                                                                                           ;
+-------------------------------------+------------------------------------------------------------+---------------+----------------------------+------------+
; Assignment Name                     ; Value                                                      ; Default Value ; Entity Name                ; Section Id ;
+-------------------------------------+------------------------------------------------------------+---------------+----------------------------+------------+
; COMPILER_SIGNATURE_ID               ; 26552727737801.161671444809212                             ; --            ; --                         ; --         ;
; MAX_CORE_JUNCTION_TEMP              ; 85                                                         ; --            ; --                         ; --         ;
; MIN_CORE_JUNCTION_TEMP              ; 0                                                          ; --            ; --                         ; --         ;
; MISC_FILE                           ; ../hdl/cmos_sensor_input/hdl/line_buffer.bsf               ; --            ; --                         ; --         ;
; MISC_FILE                           ; trdb_d5m/synthesis/../trdb_d5m.cmp                         ; --            ; --                         ; --         ;
; MISC_FILE                           ; trdb_d5m/synthesis/../../trdb_d5m.qsys                     ; --            ; --                         ; --         ;
; MISC_FILE                           ; system/synthesis/../system.cmp                             ; --            ; --                         ; --         ;
; MISC_FILE                           ; system/synthesis/../../system.qsys                         ; --            ; --                         ; --         ;
; PARTITION_COLOR                     ; -- (Not supported for targeted family)                     ; --            ; DE1_SoC_TRDB_D5M_top_level ; Top        ;
; PARTITION_FITTER_PRESERVATION_LEVEL ; -- (Not supported for targeted family)                     ; --            ; DE1_SoC_TRDB_D5M_top_level ; Top        ;
; PARTITION_NETLIST_TYPE              ; -- (Not supported for targeted family)                     ; --            ; DE1_SoC_TRDB_D5M_top_level ; Top        ;
; POWER_BOARD_THERMAL_MODEL           ; None (CONSERVATIVE)                                        ; --            ; --                         ; --         ;
; POWER_PRESET_COOLING_SOLUTION       ; 23 MM HEAT SINK WITH 200 LFPM AIRFLOW                      ; --            ; --                         ; --         ;
; PROJECT_OUTPUT_DIRECTORY            ; output_files                                               ; --            ; --                         ; --         ;
; SLD_FILE                            ; trdb_d5m/synthesis/trdb_d5m.debuginfo                      ; --            ; --                         ; --         ;
; SLD_FILE                            ; system/synthesis/system.regmap                             ; --            ; --                         ; --         ;
; SLD_FILE                            ; system/synthesis/system.debuginfo                          ; --            ; --                         ; --         ;
; SLD_INFO                            ; QSYS_NAME system HAS_SOPCINFO 1 GENERATION_ID 1616564567   ; --            ; system                     ; --         ;
; SLD_INFO                            ; QSYS_NAME trdb_d5m HAS_SOPCINFO 1 GENERATION_ID 1616564463 ; --            ; --                         ; --         ;
; SMART_RECOMPILE                     ; On                                                         ; Off           ; --                         ; --         ;
; SOPCINFO_FILE                       ; trdb_d5m/synthesis/../../trdb_d5m.sopcinfo                 ; --            ; --                         ; --         ;
; SOPCINFO_FILE                       ; system/synthesis/../../system.sopcinfo                     ; --            ; --                         ; --         ;
; SYNTHESIS_ONLY_QIP                  ; On                                                         ; --            ; --                         ; --         ;
; SYNTHESIS_ONLY_QIP                  ; On                                                         ; --            ; --                         ; --         ;
; TOP_LEVEL_ENTITY                    ; DE1_SoC_TRDB_D5M_top_level                                 ; trdb_d5m      ; --                         ; --         ;
+-------------------------------------+------------------------------------------------------------+---------------+----------------------------+------------+


+--------------------------------------------------------------------------------------------------------------------------+
; Flow Elapsed Time                                                                                                        ;
+----------------------+--------------+-------------------------+---------------------+------------------------------------+
; Module Name          ; Elapsed Time ; Average Processors Used ; Peak Virtual Memory ; Total CPU Time (on all processors) ;
+----------------------+--------------+-------------------------+---------------------+------------------------------------+
; Analysis & Synthesis ; 00:01:02     ; 1.0                     ; 5100 MB             ; 00:01:20                           ;
; Fitter               ; 00:02:02     ; 1.2                     ; 7190 MB             ; 00:05:59                           ;
; Assembler            ; 00:00:13     ; 1.0                     ; 4880 MB             ; 00:00:10                           ;
; Timing Analyzer      ; 00:00:19     ; 2.0                     ; 5410 MB             ; 00:00:31                           ;
; Total                ; 00:03:36     ; --                      ; --                  ; 00:08:00                           ;
+----------------------+--------------+-------------------------+---------------------+------------------------------------+


+------------------------------------------------------------------------------------+
; Flow OS Summary                                                                    ;
+----------------------+------------------+------------+------------+----------------+
; Module Name          ; Machine Hostname ; OS Name    ; OS Version ; Processor type ;
+----------------------+------------------+------------+------------+----------------+
; Analysis & Synthesis ; LAPTOP-IJ7BF63I  ; Windows 10 ; 10.0       ; x86_64         ;
; Fitter               ; LAPTOP-IJ7BF63I  ; Windows 10 ; 10.0       ; x86_64         ;
; Assembler            ; LAPTOP-IJ7BF63I  ; Windows 10 ; 10.0       ; x86_64         ;
; Timing Analyzer      ; LAPTOP-IJ7BF63I  ; Windows 10 ; 10.0       ; x86_64         ;
+----------------------+------------------+------------+------------+----------------+


------------
; Flow Log ;
------------
quartus_map --read_settings_files=on --write_settings_files=off trdb_d5m -c trdb_d5m
quartus_fit --read_settings_files=off --write_settings_files=off trdb_d5m -c trdb_d5m
quartus_asm --read_settings_files=off --write_settings_files=off trdb_d5m -c trdb_d5m
quartus_sta trdb_d5m -c trdb_d5m



